INFO 2024-02-04 19:10:24,668 autoreload 16484 3832 Watching for file changes with StatReloader
INFO 2024-02-04 19:10:27,356 basehttp 16484 4268 "GET /onlineshop/products/131 HTTP/1.1" 200 753
INFO 2024-02-04 19:11:12,024 basehttp 16484 4268 "GET /onlineshop/customers/8/7/ HTTP/1.1" 200 1297
INFO 2024-02-04 19:14:42,644 autoreload 4156 16316 Watching for file changes with StatReloader
INFO 2024-02-04 19:14:47,662 views 4156 8588 <WSGIRequest: GET '/onlineshop/'> request received
INFO 2024-02-04 19:14:47,665 basehttp 4156 8588 "GET /onlineshop/ HTTP/1.1" 200 320
INFO 2024-02-04 19:16:39,823 autoreload 4156 16316 I:\Python разработка\Тех.специализация python\Фреймворк Django\HomeWorkDjango\homeworkshops\onlineshop\views.py changed, reloading.
INFO 2024-02-04 19:16:40,466 autoreload 13632 3004 Watching for file changes with StatReloader
INFO 2024-02-04 19:16:44,214 views 13632 16304 <WSGIRequest: GET '/onlineshop/'> request received
INFO 2024-02-04 19:16:44,220 basehttp 13632 16304 "GET /onlineshop/ HTTP/1.1" 200 298
INFO 2024-02-05 03:18:12,608 autoreload 19296 15176 Watching for file changes with StatReloader
INFO 2024-02-05 03:18:28,563 basehttp 19296 4548 "GET /onlineshop HTTP/1.1" 301 0
INFO 2024-02-05 03:18:28,568 views 19296 5296 <WSGIRequest: GET '/onlineshop/'> request received
INFO 2024-02-05 03:18:28,573 basehttp 19296 5296 "GET /onlineshop/ HTTP/1.1" 200 298
INFO 2024-02-05 03:18:28,877 views 19296 5296 <WSGIRequest: GET '/onlineshop/'> request received
INFO 2024-02-05 03:18:28,878 basehttp 19296 5296 "GET /onlineshop/ HTTP/1.1" 200 298
INFO 2024-02-05 03:21:51,070 autoreload 19604 18400 Watching for file changes with StatReloader
INFO 2024-02-05 03:21:56,142 views 19604 20212 <WSGIRequest: GET '/onlineshop/'> request received
INFO 2024-02-05 03:21:56,156 basehttp 19604 20212 "GET /onlineshop/ HTTP/1.1" 200 372
WARNING 2024-02-05 03:21:56,216 basehttp 19604 20212 "GET /static/img/logo.png HTTP/1.1" 404 1795
INFO 2024-02-05 03:23:05,922 autoreload 2204 15772 Watching for file changes with StatReloader
INFO 2024-02-05 03:23:10,990 views 2204 15920 <WSGIRequest: GET '/onlineshop/'> request received
INFO 2024-02-05 03:23:10,996 basehttp 2204 15920 "GET /onlineshop/ HTTP/1.1" 200 372
INFO 2024-02-05 03:23:11,148 basehttp 2204 15920 "GET /static/img/logo.png HTTP/1.1" 200 4272
INFO 2024-02-05 03:27:58,978 views 2204 15920 <WSGIRequest: GET '/onlineshop/'> request received
INFO 2024-02-05 03:27:58,980 basehttp 2204 15920 "GET /onlineshop/ HTTP/1.1" 200 442
INFO 2024-02-05 03:27:59,026 basehttp 2204 15920 "GET /static/css/style.css HTTP/1.1" 200 78
INFO 2024-02-05 03:27:59,034 basehttp 2204 15920 "GET /static/img/logo.png HTTP/1.1" 304 0
INFO 2024-02-05 03:31:13,181 views 2204 15920 <WSGIRequest: GET '/onlineshop/'> request received
INFO 2024-02-05 03:31:13,184 basehttp 2204 15920 "GET /onlineshop/ HTTP/1.1" 200 442
INFO 2024-02-05 03:31:13,252 basehttp 2204 15920 "GET /static/css/style.css HTTP/1.1" 304 0
INFO 2024-02-05 03:32:13,239 views 2204 15920 <WSGIRequest: GET '/onlineshop/'> request received
INFO 2024-02-05 03:32:13,242 basehttp 2204 15920 "GET /onlineshop/ HTTP/1.1" 200 461
INFO 2024-02-05 03:32:13,291 basehttp 2204 15920 "GET /static/css/style.css HTTP/1.1" 304 0
INFO 2024-02-05 03:32:13,300 basehttp 2204 15920 "GET /static/img/logo.png HTTP/1.1" 304 0
INFO 2024-02-05 03:35:53,870 views 2204 15920 <WSGIRequest: GET '/onlineshop/'> request received
INFO 2024-02-05 03:35:53,872 basehttp 2204 15920 "GET /onlineshop/ HTTP/1.1" 200 445
INFO 2024-02-05 03:35:53,941 basehttp 2204 15920 "GET /static/css/style.css HTTP/1.1" 304 0
INFO 2024-02-05 03:35:54,663 views 2204 15920 <WSGIRequest: GET '/onlineshop/'> request received
INFO 2024-02-05 03:35:54,664 basehttp 2204 15920 "GET /onlineshop/ HTTP/1.1" 200 445
INFO 2024-02-05 03:35:55,580 views 2204 15920 <WSGIRequest: GET '/onlineshop/'> request received
INFO 2024-02-05 03:35:55,581 basehttp 2204 15920 "GET /onlineshop/ HTTP/1.1" 200 445
INFO 2024-02-05 03:36:34,062 views 2204 15920 <WSGIRequest: GET '/onlineshop/'> request received
INFO 2024-02-05 03:36:34,064 basehttp 2204 15920 "GET /onlineshop/ HTTP/1.1" 200 430
INFO 2024-02-05 03:36:35,679 views 2204 15920 <WSGIRequest: GET '/onlineshop/'> request received
INFO 2024-02-05 03:36:35,680 basehttp 2204 15920 "GET /onlineshop/ HTTP/1.1" 200 430
INFO 2024-02-05 03:36:49,693 views 2204 15920 <WSGIRequest: GET '/onlineshop/'> request received
INFO 2024-02-05 03:36:49,695 basehttp 2204 15920 "GET /onlineshop/ HTTP/1.1" 200 430
INFO 2024-02-05 03:36:49,748 basehttp 2204 12872 "GET /static/img/logo.png HTTP/1.1" 304 0
INFO 2024-02-05 03:36:49,750 basehttp 2204 15920 "GET /static/css/style.css HTTP/1.1" 200 133
INFO 2024-02-05 03:36:50,663 views 2204 15920 <WSGIRequest: GET '/onlineshop/'> request received
INFO 2024-02-05 03:36:50,664 basehttp 2204 15920 "GET /onlineshop/ HTTP/1.1" 200 430
INFO 2024-02-05 03:36:50,710 basehttp 2204 15920 "GET /static/css/style.css HTTP/1.1" 304 0
INFO 2024-02-05 03:37:14,970 views 2204 15920 <WSGIRequest: GET '/onlineshop/'> request received
INFO 2024-02-05 03:37:14,971 basehttp 2204 15920 "GET /onlineshop/ HTTP/1.1" 200 430
INFO 2024-02-05 03:37:15,033 basehttp 2204 15920 "GET /static/css/style.css HTTP/1.1" 200 123
INFO 2024-02-05 03:38:10,215 views 2204 15920 <WSGIRequest: GET '/onlineshop/'> request received
INFO 2024-02-05 03:38:10,216 basehttp 2204 15920 "GET /onlineshop/ HTTP/1.1" 200 430
INFO 2024-02-05 03:38:10,267 basehttp 2204 15920 "GET /static/css/style.css HTTP/1.1" 200 357
INFO 2024-02-05 03:38:34,382 views 2204 15920 <WSGIRequest: GET '/onlineshop/'> request received
INFO 2024-02-05 03:38:34,383 basehttp 2204 15920 "GET /onlineshop/ HTTP/1.1" 200 430
INFO 2024-02-05 03:38:34,432 basehttp 2204 15920 "GET /static/css/style.css HTTP/1.1" 200 142
INFO 2024-02-05 03:38:55,446 views 2204 15920 <WSGIRequest: GET '/onlineshop/'> request received
INFO 2024-02-05 03:38:55,448 basehttp 2204 15920 "GET /onlineshop/ HTTP/1.1" 200 352
INFO 2024-02-05 03:38:55,494 basehttp 2204 15920 "GET /static/css/style.css HTTP/1.1" 304 0
INFO 2024-02-07 20:58:45,529 autoreload 4344 13884 Watching for file changes with StatReloader
INFO 2024-02-07 21:05:05,181 autoreload 12048 8644 Watching for file changes with StatReloader
INFO 2024-02-07 21:27:07,388 autoreload 12804 6776 Watching for file changes with StatReloader
INFO 2024-02-07 21:27:27,785 basehttp 12804 13964 "GET /onlineshop/products/add HTTP/1.1" 200 1796
INFO 2024-02-07 21:27:27,831 basehttp 12804 13964 "GET /static/css/style.css HTTP/1.1" 304 0
WARNING 2024-02-07 21:27:27,952 log 12804 13964 Not Found: /favicon.ico
WARNING 2024-02-07 21:27:27,952 basehttp 12804 13964 "GET /favicon.ico HTTP/1.1" 404 2228
INFO 2024-02-07 21:28:17,479 basehttp 12804 13964 "POST /onlineshop/products/add HTTP/1.1" 200 1830
INFO 2024-02-07 21:28:48,221 basehttp 12804 13964 "GET /onlineshop/products HTTP/1.1" 301 0
INFO 2024-02-07 21:28:48,225 views 12804 13596 <WSGIRequest: GET '/onlineshop/products/'> request received
INFO 2024-02-07 21:28:48,232 basehttp 12804 13596 "GET /onlineshop/products/ HTTP/1.1" 200 4428
INFO 2024-02-07 21:28:50,393 basehttp 12804 13596 "GET /onlineshop/products/26 HTTP/1.1" 200 789
INFO 2024-02-07 21:29:57,275 autoreload 5232 7896 Watching for file changes with StatReloader
INFO 2024-02-07 21:30:00,533 basehttp 5232 11196 "GET /onlineshop/products/26 HTTP/1.1" 200 789
INFO 2024-02-07 21:30:03,134 views 5232 11196 <WSGIRequest: GET '/onlineshop/products/'> request received
INFO 2024-02-07 21:30:03,142 basehttp 5232 11196 "GET /onlineshop/products/ HTTP/1.1" 200 4428
INFO 2024-02-07 21:30:04,985 basehttp 5232 11196 "GET /onlineshop/products/26 HTTP/1.1" 200 789
INFO 2024-02-07 21:32:40,957 autoreload 6312 10888 Watching for file changes with StatReloader
INFO 2024-02-07 21:32:45,468 views 6312 3288 <WSGIRequest: GET '/onlineshop/products/'> request received
INFO 2024-02-07 21:32:45,484 basehttp 6312 3288 "GET /onlineshop/products/ HTTP/1.1" 200 4428
INFO 2024-02-07 21:32:47,826 basehttp 6312 3288 "GET /onlineshop/products/26 HTTP/1.1" 200 789
INFO 2024-02-07 21:34:26,901 autoreload 2208 6972 Watching for file changes with StatReloader
INFO 2024-02-07 21:34:34,781 views 2208 6656 <WSGIRequest: GET '/onlineshop/products/'> request received
INFO 2024-02-07 21:34:34,798 basehttp 2208 6656 "GET /onlineshop/products/ HTTP/1.1" 200 4428
INFO 2024-02-07 21:34:34,968 basehttp 2208 6656 "GET /static/css/style.css HTTP/1.1" 304 0
INFO 2024-02-07 21:34:37,132 basehttp 2208 6656 "GET /onlineshop/products/26 HTTP/1.1" 200 859
INFO 2024-02-07 21:36:35,078 basehttp 2208 6656 "GET /onlineshop/products/26 HTTP/1.1" 200 957
WARNING 2024-02-07 21:36:35,139 log 2208 6656 Not Found: /onlineshop/products/image
WARNING 2024-02-07 21:36:35,142 log 2208 15688 Not Found: /onlineshop/products/1_pbfZ2QV.png
WARNING 2024-02-07 21:36:35,143 basehttp 2208 6656 "GET /onlineshop/products/image HTTP/1.1" 404 3947
WARNING 2024-02-07 21:36:35,143 basehttp 2208 15688 "GET /onlineshop/products/1_pbfZ2QV.png HTTP/1.1" 404 3971
INFO 2024-02-07 21:36:46,054 basehttp 2208 15688 "GET /onlineshop/products/26 HTTP/1.1" 200 911
WARNING 2024-02-07 21:36:46,121 log 2208 15688 Not Found: /onlineshop/products/1_pbfZ2QV.png
WARNING 2024-02-07 21:36:46,122 basehttp 2208 15688 "GET /onlineshop/products/1_pbfZ2QV.png HTTP/1.1" 404 3971
INFO 2024-02-07 21:47:43,673 basehttp 2208 2852 "GET /onlineshop/products/26 HTTP/1.1" 200 850
INFO 2024-02-07 21:47:43,715 basehttp 2208 2852 "GET /static/css/style.css HTTP/1.1" 304 0
WARNING 2024-02-07 21:47:43,730 log 2208 2852 Not Found: /media/1_pbfZ2QV.png
WARNING 2024-02-07 21:47:43,731 basehttp 2208 2852 "GET /media/1_pbfZ2QV.png HTTP/1.1" 404 2252
WARNING 2024-02-07 21:47:43,798 log 2208 2852 Not Found: /favicon.ico
WARNING 2024-02-07 21:47:43,798 basehttp 2208 2852 "GET /favicon.ico HTTP/1.1" 404 2228
INFO 2024-02-07 21:49:14,386 basehttp 2208 2852 "GET /onlineshop/products/26 HTTP/1.1" 200 913
WARNING 2024-02-07 21:49:14,460 log 2208 2852 Not Found: /onlineshop/products/1_pbfZ2QV.png
WARNING 2024-02-07 21:49:14,461 basehttp 2208 2852 "GET /onlineshop/products/1_pbfZ2QV.png HTTP/1.1" 404 3971
INFO 2024-02-07 21:49:15,247 basehttp 2208 2852 "GET /onlineshop/products/26 HTTP/1.1" 200 913
WARNING 2024-02-07 21:49:15,299 log 2208 2852 Not Found: /onlineshop/products/1_pbfZ2QV.png
WARNING 2024-02-07 21:49:15,300 basehttp 2208 2852 "GET /onlineshop/products/1_pbfZ2QV.png HTTP/1.1" 404 3971
INFO 2024-02-07 21:52:11,666 basehttp 2208 2852 "GET /onlineshop/products/26 HTTP/1.1" 200 927
WARNING 2024-02-07 21:52:11,730 log 2208 2852 Not Found: /media/1_pbfZ2QV.png
WARNING 2024-02-07 21:52:11,730 basehttp 2208 2852 "GET /media/1_pbfZ2QV.png HTTP/1.1" 404 2252
INFO 2024-02-07 21:54:12,719 basehttp 2208 2852 "GET /onlineshop/products/26 HTTP/1.1" 200 833
WARNING 2024-02-07 21:54:12,778 log 2208 2852 Not Found: /onlineshop/products/1_pbfZ2QV.png
WARNING 2024-02-07 21:54:12,780 basehttp 2208 2852 "GET /onlineshop/products/1_pbfZ2QV.png HTTP/1.1" 404 3971
INFO 2024-02-07 21:54:44,873 basehttp 2208 2852 "GET /onlineshop/products/26 HTTP/1.1" 200 807
INFO 2024-02-07 21:54:58,617 basehttp 2208 2852 "GET /onlineshop/products/26 HTTP/1.1" 200 847
WARNING 2024-02-07 21:54:58,666 log 2208 2852 Not Found: /media/1_pbfZ2QV.png
WARNING 2024-02-07 21:54:58,667 basehttp 2208 2852 "GET /media/1_pbfZ2QV.png HTTP/1.1" 404 2252
ERROR 2024-02-07 21:59:05,454 log 2208 2852 Internal Server Error: /onlineshop/products/26
Traceback (most recent call last):
  File "I:\Python разработка\Тех.специализация python\Фреймворк Django\HomeWorkDjango\.venv\lib\site-packages\django\core\handlers\exception.py", line 55, in inner
    response = get_response(request)
  File "I:\Python разработка\Тех.специализация python\Фреймворк Django\HomeWorkDjango\.venv\lib\site-packages\django\core\handlers\base.py", line 197, in _get_response
    response = wrapped_callback(request, *callback_args, **callback_kwargs)
  File "I:\Python разработка\Тех.специализация python\Фреймворк Django\HomeWorkDjango\homeworkshops\onlineshop\views.py", line 71, in product_by_id
    return render(request, 'onlineshop/product_by_id.html', context)
  File "I:\Python разработка\Тех.специализация python\Фреймворк Django\HomeWorkDjango\.venv\lib\site-packages\django\shortcuts.py", line 24, in render
    content = loader.render_to_string(template_name, context, request, using=using)
  File "I:\Python разработка\Тех.специализация python\Фреймворк Django\HomeWorkDjango\.venv\lib\site-packages\django\template\loader.py", line 61, in render_to_string
    template = get_template(template_name, using=using)
  File "I:\Python разработка\Тех.специализация python\Фреймворк Django\HomeWorkDjango\.venv\lib\site-packages\django\template\loader.py", line 15, in get_template
    return engine.get_template(template_name)
  File "I:\Python разработка\Тех.специализация python\Фреймворк Django\HomeWorkDjango\.venv\lib\site-packages\django\template\backends\django.py", line 33, in get_template
    return Template(self.engine.get_template(template_name), self)
  File "I:\Python разработка\Тех.специализация python\Фреймворк Django\HomeWorkDjango\.venv\lib\site-packages\django\template\engine.py", line 175, in get_template
    template, origin = self.find_template(template_name)
  File "I:\Python разработка\Тех.специализация python\Фреймворк Django\HomeWorkDjango\.venv\lib\site-packages\django\template\engine.py", line 157, in find_template
    template = loader.get_template(name, skip=skip)
  File "I:\Python разработка\Тех.специализация python\Фреймворк Django\HomeWorkDjango\.venv\lib\site-packages\django\template\loaders\cached.py", line 57, in get_template
    template = super().get_template(template_name, skip)
  File "I:\Python разработка\Тех.специализация python\Фреймворк Django\HomeWorkDjango\.venv\lib\site-packages\django\template\loaders\base.py", line 28, in get_template
    return Template(
  File "I:\Python разработка\Тех.специализация python\Фреймворк Django\HomeWorkDjango\.venv\lib\site-packages\django\template\base.py", line 154, in __init__
    self.nodelist = self.compile_nodelist()
  File "I:\Python разработка\Тех.специализация python\Фреймворк Django\HomeWorkDjango\.venv\lib\site-packages\django\template\base.py", line 196, in compile_nodelist
    return parser.parse()
  File "I:\Python разработка\Тех.специализация python\Фреймворк Django\HomeWorkDjango\.venv\lib\site-packages\django\template\base.py", line 511, in parse
    self.extend_nodelist(nodelist, compiled_result, token)
  File "I:\Python разработка\Тех.специализация python\Фреймворк Django\HomeWorkDjango\.venv\lib\site-packages\django\template\base.py", line 528, in extend_nodelist
    raise self.error(
django.template.exceptions.TemplateSyntaxError: <ExtendsNode: extends 'base.html'> must be the first tag in the template.
ERROR 2024-02-07 21:59:05,459 basehttp 2208 2852 "GET /onlineshop/products/26 HTTP/1.1" 500 141883
WARNING 2024-02-07 21:59:05,766 log 2208 2852 Not Found: /favicon.ico
WARNING 2024-02-07 21:59:05,767 basehttp 2208 2852 "GET /favicon.ico HTTP/1.1" 404 2228
INFO 2024-02-07 21:59:15,567 basehttp 2208 2852 "GET /onlineshop/products/26 HTTP/1.1" 200 847
INFO 2024-02-07 21:59:15,624 basehttp 2208 2852 "GET /static/css/style.css HTTP/1.1" 304 0
WARNING 2024-02-07 21:59:15,638 log 2208 2852 Not Found: /media/1_pbfZ2QV.png
WARNING 2024-02-07 21:59:15,639 basehttp 2208 2852 "GET /media/1_pbfZ2QV.png HTTP/1.1" 404 2252
INFO 2024-02-07 22:00:40,211 basehttp 2208 2852 "GET /onlineshop/products/26 HTTP/1.1" 200 782
WARNING 2024-02-07 22:00:40,279 log 2208 2852 Not Found: /media/1_pbfZ2QV.png
WARNING 2024-02-07 22:00:40,280 basehttp 2208 2852 "GET /media/1_pbfZ2QV.png HTTP/1.1" 404 2252
INFO 2024-02-07 22:05:48,116 autoreload 3128 11556 Watching for file changes with StatReloader
INFO 2024-02-07 22:06:12,528 basehttp 3128 17936 "GET /onlineshop/products/add HTTP/1.1" 200 1796
INFO 2024-02-07 22:06:59,180 basehttp 3128 17936 "POST /onlineshop/products/add HTTP/1.1" 200 1845
INFO 2024-02-07 22:09:18,181 autoreload 16172 13460 Watching for file changes with StatReloader
INFO 2024-02-07 22:09:20,479 basehttp 16172 2484 "GET /onlineshop/products/add HTTP/1.1" 200 1796
INFO 2024-02-07 22:09:20,527 basehttp 16172 2484 "GET /static/css/style.css HTTP/1.1" 304 0
INFO 2024-02-07 22:09:43,243 basehttp 16172 2484 "POST /onlineshop/products/add HTTP/1.1" 200 1832
